app/build/outputs/logs/manifest-merger-debug-report.txt
-- Merging decision tree log ---
manifest
ADDED from src/main/AndroidManifest.xml:2:1-96:12
	xmlns:android
		ADDED from src/main/AndroidManifest.xml:4:31-89
	package
		ADDED from src/main/AndroidManifest.xml:2:11-49
		INJECTED from src/main/AndroidManifest.xml
		INJECTED from src/main/AndroidManifest.xml
	android:versionName
		ADDED from src/main/AndroidManifest.xml:4:5-30
	android:versionCode
		ADDED from src/main/AndroidManifest.xml:3:5-28
		INJECTED from src/main/AndroidManifest.xml
		INJECTED from src/main/AndroidManifest.xml
uses-sdk
ADDED from src/main/AndroidManifest.xml:6:5-8:41
	android:targetSdkVersion
		ADDED from src/main/AndroidManifest.xml:8:9-38
		INJECTED from src/main/AndroidManifest.xml
		INJECTED from src/main/AndroidManifest.xml
	android:minSdkVersion
		ADDED from src/main/AndroidManifest.xml:7:9-35
		INJECTED from src/main/AndroidManifest.xml
		INJECTED from src/main/AndroidManifest.xml
application
ADDED from src/main/AndroidManifest.xml:10:5-94:19
	android:label
		ADDED from src/main/AndroidManifest.xml:13:9-41
	android:allowBackup
		ADDED from src/main/AndroidManifest.xml:11:9-35
	android:icon
		ADDED from src/main/AndroidManifest.xml:12:9-46
	android:theme
		ADDED from src/main/AndroidManifest.xml:14:9-40
activity#no.jan.android.spaceinvaders.SplashActivity
ADDED from src/main/AndroidManifest.xml:16:9-26:20
	android:screenOrientation
		ADDED from src/main/AndroidManifest.xml:19:13-49
	android:label
		ADDED from src/main/AndroidManifest.xml:18:13-45
	android:configChanges
		ADDED from src/main/AndroidManifest.xml:20:4-65
	android:name
		ADDED from src/main/AndroidManifest.xml:17:13-71
intent-filter#android.intent.action.MAIN+android.intent.category.LAUNCHER
ADDED from src/main/AndroidManifest.xml:21:13-25:29
action#android.intent.action.MAIN
ADDED from src/main/AndroidManifest.xml:22:17-69
	android:name
		ADDED from src/main/AndroidManifest.xml:22:25-66
category#android.intent.category.LAUNCHER
ADDED from src/main/AndroidManifest.xml:24:17-77
	android:name
		ADDED from src/main/AndroidManifest.xml:24:27-74
activity#no.jan.android.spaceinvaders.MainMenuActivity
ADDED from src/main/AndroidManifest.xml:28:9-38:20
	android:screenOrientation
		ADDED from src/main/AndroidManifest.xml:31:13-49
	android:label
		ADDED from src/main/AndroidManifest.xml:30:13-45
	android:configChanges
		ADDED from src/main/AndroidManifest.xml:32:4-65
	android:name
		ADDED from src/main/AndroidManifest.xml:29:13-73
intent-filter#android.intent.action.MAIN+android.intent.category.HOME
ADDED from src/main/AndroidManifest.xml:33:13-37:29
category#android.intent.category.HOME
ADDED from src/main/AndroidManifest.xml:36:17-73
	android:name
		ADDED from src/main/AndroidManifest.xml:36:27-70
activity#no.jan.android.spaceinvaders.AboutGameActivity
ADDED from src/main/AndroidManifest.xml:40:9-49:20
	android:screenOrientation
		ADDED from src/main/AndroidManifest.xml:44:13-49
	android:label
		ADDED from src/main/AndroidManifest.xml:42:13-62
	android:configChanges
		ADDED from src/main/AndroidManifest.xml:45:4-65
	android:parentActivityName
		ADDED from src/main/AndroidManifest.xml:43:13-87
	android:name
		ADDED from src/main/AndroidManifest.xml:41:13-74
meta-data#android.support.PARENT_ACTIVITY
ADDED from src/main/AndroidManifest.xml:46:13-48:81
	android:name
		ADDED from src/main/AndroidManifest.xml:47:17-63
	android:value
		ADDED from src/main/AndroidManifest.xml:48:17-78
activity#no.jan.android.spaceinvaders.HighScoreActivity
ADDED from src/main/AndroidManifest.xml:51:9-60:20
	android:screenOrientation
		ADDED from src/main/AndroidManifest.xml:55:13-49
	android:label
		ADDED from src/main/AndroidManifest.xml:53:13-62
	android:configChanges
		ADDED from src/main/AndroidManifest.xml:56:4-65
	android:parentActivityName
		ADDED from src/main/AndroidManifest.xml:54:13-87
	android:name
		ADDED from src/main/AndroidManifest.xml:52:13-74
activity#no.jan.android.spaceinvaders.GameActivity
ADDED from src/main/AndroidManifest.xml:62:9-71:20
	android:screenOrientation
		ADDED from src/main/AndroidManifest.xml:66:13-49
	android:label
		ADDED from src/main/AndroidManifest.xml:64:13-45
	android:configChanges
		ADDED from src/main/AndroidManifest.xml:67:4-65
	android:parentActivityName
		ADDED from src/main/AndroidManifest.xml:65:13-83
	android:name
		ADDED from src/main/AndroidManifest.xml:63:13-69
activity#no.jan.android.spaceinvaders.SettingsActivity
ADDED from src/main/AndroidManifest.xml:73:9-82:20
	android:screenOrientation
		ADDED from src/main/AndroidManifest.xml:77:13-49
	android:label
		ADDED from src/main/AndroidManifest.xml:75:13-58
	android:configChanges
		ADDED from src/main/AndroidManifest.xml:78:4-65
	android:parentActivityName
		ADDED from src/main/AndroidManifest.xml:76:13-87
	android:name
		ADDED from src/main/AndroidManifest.xml:74:13-73
activity#no.jan.android.spaceinvaders.RegisterHighScoreActivity
ADDED from src/main/AndroidManifest.xml:84:9-93:20
	android:screenOrientation
		ADDED from src/main/AndroidManifest.xml:88:13-49
	android:label
		ADDED from src/main/AndroidManifest.xml:86:13-62
	android:configChanges
		ADDED from src/main/AndroidManifest.xml:89:4-65
	android:parentActivityName
		ADDED from src/main/AndroidManifest.xml:87:13-87
	android:name
		ADDED from src/main/AndroidManifest.xml:85:13-82